[   26511ms] [LOG] Angular is running in development mode. @ http://localhost:8100/main.js:15234
[   26538ms] [LOG] [ThemeService] Theme initialization complete @ http://localhost:8100/main.js:51127
[   26557ms] [ERROR] Failed to load resource: the server responded with a status of 404 (Not Found) @ http://localhost:8100/api/registry/apps:0
[   27160ms] [LOG] Attempting handshake with backend Wed Jun 24 2026 21:44:07 GMT-0400 (Eastern Daylight Time) @ chrome-extension://ienfalfjdbdpebioblfackkekamfmbnh/app/content_script_bundle.js:0
[   36510ms] [WARNING] NG0506: Angular hydration expected the ApplicationRef.isStable() to emit `true`, but it didn't happen within 10000ms. Angular hydration logic depends on the application becoming stable as a signal to complete hydration process. Find more at https://angular.dev/errors/NG0506 @ chrome-extension://fmkadmapgofadopljbjfkapdkoienihi/build/installHook.js:0
[   44147ms] [WARNING] NG0955: The provided track expression resulted in duplicated keys for a given collection. Adjust the tracking expression such that it uniquely identifies all the items in the collection. Duplicated keys were: 
key "store" at index "2" and "36". Find more at https://angular.dev/errors/NG0955 @ chrome-extension://fmkadmapgofadopljbjfkapdkoienihi/build/installHook.js:0
[   44148ms] [WARNING] NG0955: The provided track expression resulted in duplicated keys for a given collection. Adjust the tracking expression such that it uniquely identifies all the items in the collection. Duplicated keys were: 
key "store" at index "2" and "36". Find more at https://angular.dev/errors/NG0955 @ chrome-extension://fmkadmapgofadopljbjfkapdkoienihi/build/installHook.js:0
[   44150ms] [WARNING] NG0955: The provided track expression resulted in duplicated keys for a given collection. Adjust the tracking expression such that it uniquely identifies all the items in the collection. Duplicated keys were: 
key "store" at index "2" and "36". Find more at https://angular.dev/errors/NG0955 @ chrome-extension://fmkadmapgofadopljbjfkapdkoienihi/build/installHook.js:0
[   46524ms] [WARNING] NG0955: The provided track expression resulted in duplicated keys for a given collection. Adjust the tracking expression such that it uniquely identifies all the items in the collection. Duplicated keys were: 
key "store" at index "2" and "36". Find more at https://angular.dev/errors/NG0955 @ chrome-extension://fmkadmapgofadopljbjfkapdkoienihi/build/installHook.js:0
[   46527ms] [WARNING] NG0955: The provided track expression resulted in duplicated keys for a given collection. Adjust the tracking expression such that it uniquely identifies all the items in the collection. Duplicated keys were: 
key "store" at index "2" and "36". Find more at https://angular.dev/errors/NG0955 @ chrome-extension://fmkadmapgofadopljbjfkapdkoienihi/build/installHook.js:0
[   46537ms] [WARNING] NG0955: The provided track expression resulted in duplicated keys for a given collection. Adjust the tracking expression such that it uniquely identifies all the items in the collection. Duplicated keys were: 
key "store" at index "2" and "36". Find more at https://angular.dev/errors/NG0955 @ chrome-extension://fmkadmapgofadopljbjfkapdkoienihi/build/installHook.js:0
[   46539ms] [WARNING] NG0955: The provided track expression resulted in duplicated keys for a given collection. Adjust the tracking expression such that it uniquely identifies all the items in the collection. Duplicated keys were: 
key "store" at index "2" and "36". Find more at https://angular.dev/errors/NG0955 @ chrome-extension://fmkadmapgofadopljbjfkapdkoienihi/build/installHook.js:0
[   46541ms] [WARNING] NG0955: The provided track expression resulted in duplicated keys for a given collection. Adjust the tracking expression such that it uniquely identifies all the items in the collection. Duplicated keys were: 
key "store" at index "2" and "36". Find more at https://angular.dev/errors/NG0955 @ chrome-extension://fmkadmapgofadopljbjfkapdkoienihi/build/installHook.js:0
[   46542ms] [WARNING] NG0955: The provided track expression resulted in duplicated keys for a given collection. Adjust the tracking expression such that it uniquely identifies all the items in the collection. Duplicated keys were: 
key "store" at index "2" and "36". Find more at https://angular.dev/errors/NG0955 @ chrome-extension://fmkadmapgofadopljbjfkapdkoienihi/build/installHook.js:0
[   48743ms] [LOG] Angular is running in development mode. @ http://localhost:8100/main.js:15234
[   48754ms] [LOG] [ThemeService] Theme initialization complete @ http://localhost:8100/main.js:51127
[   49019ms] [LOG] Attempting handshake with backend Wed Jun 24 2026 21:44:29 GMT-0400 (Eastern Daylight Time) @ chrome-extension://ienfalfjdbdpebioblfackkekamfmbnh/app/content_script_bundle.js:0
[   58744ms] [WARNING] NG0506: Angular hydration expected the ApplicationRef.isStable() to emit `true`, but it didn't happen within 10000ms. Angular hydration logic depends on the application becoming stable as a signal to complete hydration process. Find more at https://angular.dev/errors/NG0506 @ chrome-extension://fmkadmapgofadopljbjfkapdkoienihi/build/installHook.js:0
[   83776ms] [VERBOSE] [DOM] Password field is not contained in a form: (More info: https://goo.gl/9p2vKq) %o @ http://localhost:8100/:0
